<?xml version="1.0" encoding="UTF-8"?>
<!-- Generated by org.testng.reporters.JUnitReportReporter -->
<testsuite skipped="0" hostname="anchal-Inspiron-3543" name="NOL.login" tests="1" failures="0" timestamp="13 Mar 2018 13:31:52 GMT" time="51.506" errors="0">
  <testcase name="main" time="51.506" classname="NOL.login"/>
</testsuite> <!-- NOL.login -->
