<?xml version="1.0" encoding="UTF-8"?>
<!-- Generated by org.testng.reporters.JUnitReportReporter -->
<testsuite skipped="0" hostname="anchal-Inspiron-3543" name="testcases.AdminSignUpTest" tests="1" failures="0" timestamp="18 May 2018 07:08:35 GMT" time="107.016" errors="0">
  <testcase name="SignInas" time="107.016" classname="testcases.AdminSignUpTest"/>
</testsuite> <!-- testcases.AdminSignUpTest -->
